<?xml version="1.0" encoding="UTF-8"?>
<testsuite xmlns:xsi="http://www.w3.org/2001/XMLSchema-instance" xsi:noNamespaceSchemaLocation="https://maven.apache.org/surefire/maven-surefire-plugin/xsd/surefire-test-report.xsd" name="javax.jdo.JDOHelperConfigTest" time="0.452" tests="23" errors="0" skipped="0" failures="0">
  <properties>
[...]
</properties>
  <testcase name="testNegative09_MultipleInvalidClassesInDifferentServicesFiles" classname="javax.jdo.JDOHelperConfigTest" time="0.098"/>
  <testcase name="testNegative04_DuplicatePUNamePropertyInAttributeAndElement" classname="javax.jdo.JDOHelperConfigTest" time="0.014"/>
  <testcase name="testPositive07_PMF0_GetAnonymousPMFPropertiesWithPUName" classname="javax.jdo.JDOHelperConfigTest" time="0.012"/>
  <testcase name="testNegative05_DuplicatePropertyInAttributeAndElement" classname="javax.jdo.JDOHelperConfigTest" time="0.015"/>
  <testcase name="testNegative06_DuplicatePUInDifferentConfigFiles" classname="javax.jdo.JDOHelperConfigTest" time="0.008"/>
  <testcase name="testPositive02_GetAnonymousPMFWithNoProperties" classname="javax.jdo.JDOHelperConfigTest" time="0.005"/>
  <testcase name="testPositive00_PMF1_BasicPMFConfigUsingOnlyPropertyElementsWithStandardJavaxDotJDOProperties" classname="javax.jdo.JDOHelperConfigTest" time="0.067"/>
  <testcase name="testPositive00_PMF2_NestedPropertyElementsWithOnlyStandardAttributeNames" classname="javax.jdo.JDOHelperConfigTest" time="0.014"/>
  <testcase name="testNegative08_ServicesFileWithOnlyComments" classname="javax.jdo.JDOHelperConfigTest" time="0.002"/>
  <testcase name="testNegative03_DuplicateNamedPersistenceUnitsInSameConfig" classname="javax.jdo.JDOHelperConfigTest" time="0.006"/>
  <testcase name="testPositive04_PMF0_PMFClassNameViaServicesLookup" classname="javax.jdo.JDOHelperConfigTest" time="0.003"/>
  <testcase name="testPositive06_PMF0_GetAnonymousPMFProperties" classname="javax.jdo.JDOHelperConfigTest" time="0.007"/>
  <testcase name="testPositive01_DuplicatePUsInDifferentConfigFilesButNotRequested" classname="javax.jdo.JDOHelperConfigTest" time="0.007"/>
  <testcase name="testNegative00_EmptyJDOConfigXML" classname="javax.jdo.JDOHelperConfigTest" time="0.002"/>
  <testcase name="testPositive00_PMF0_BasicPMFConfigUsingOnlyStandardAttributesAndListeners" classname="javax.jdo.JDOHelperConfigTest" time="0.022"/>
  <testcase name="testPositive05_PMF0_PMFClassNameViaServicesLookup" classname="javax.jdo.JDOHelperConfigTest" time="0.004"/>
  <testcase name="testPositive03_PMF0_PMFClassNameViaServicesLookup" classname="javax.jdo.JDOHelperConfigTest" time="0.002"/>
  <testcase name="testNegative02_DuplicateAnonymousPersistenceUnitsInSameConfig" classname="javax.jdo.JDOHelperConfigTest" time="0.012"/>
  <testcase name="testNegative07_EmptyServicesFile" classname="javax.jdo.JDOHelperConfigTest" time="0.006"/>
  <testcase name="testPositive00_PMF4_StandardAttributesPlusNonstandardAttributes" classname="javax.jdo.JDOHelperConfigTest" time="0.024"/>
  <testcase name="testPositive00_PMF3_StandardAttributesPlusNonstandardPropertiesInPropertyElements" classname="javax.jdo.JDOHelperConfigTest" time="0.022"/>
  <testcase name="testNegative08_NoResourcesFound" classname="javax.jdo.JDOHelperConfigTest" time="0.002"/>
  <testcase name="testNegative01_NoPersistenceUnitsDefined" classname="javax.jdo.JDOHelperConfigTest" time="0.004"/>
</testsuite>