<?xml version="1.0" encoding="UTF-8"?>
<testsuite xmlns:xsi="http://www.w3.org/2001/XMLSchema-instance" xsi:noNamespaceSchemaLocation="https://maven.apache.org/surefire/maven-surefire-plugin/xsd/surefire-test-report.xsd" name="javax.jdo.identity.CharIdentityTest" time="0.121" tests="12" errors="0" skipped="0" failures="0">
  <properties>
[...]
</properties>
  <testcase name="testToStringConstructor" classname="javax.jdo.identity.CharIdentityTest" time="0.025"/>
  <testcase name="testGetKeyAsObjectPrimitive" classname="javax.jdo.identity.CharIdentityTest" time="0.008"/>
  <testcase name="testSerialized" classname="javax.jdo.identity.CharIdentityTest" time="0.009"/>
  <testcase name="testStringConstructorTooShort" classname="javax.jdo.identity.CharIdentityTest" time="0"/>
  <testcase name="testCompareTo" classname="javax.jdo.identity.CharIdentityTest" time="0.001"/>
  <testcase name="testStringConstructorTooLong" classname="javax.jdo.identity.CharIdentityTest" time="0"/>
  <testcase name="testGetKeyAsObject" classname="javax.jdo.identity.CharIdentityTest" time="0.001"/>
  <testcase name="testBadConstructorNullStringParam" classname="javax.jdo.identity.CharIdentityTest" time="0.001"/>
  <testcase name="testBadConstructorNullCharacterParam" classname="javax.jdo.identity.CharIdentityTest" time="0.001"/>
  <testcase name="testStringConstructor" classname="javax.jdo.identity.CharIdentityTest" time="0"/>
  <testcase name="testCharacterConstructor" classname="javax.jdo.identity.CharIdentityTest" time="0"/>
  <testcase name="testConstructor" classname="javax.jdo.identity.CharIdentityTest" time="0"/>
</testsuite>